0 silly argv { _: [ 'import' ],
0 silly argv   'preserve-commit': true,
0 silly argv   preserveCommit: true,
0 silly argv   lernaVersion: '3.8.4',
0 silly argv   '$0':
0 silly argv    'C:\\Users\\jozua\\AppData\\Roaming\\npm\\node_modules\\lerna\\cli.js',
0 silly argv   dir: '../../before/store-recording' }
1 notice cli v3.8.4
2 verbose rootPath c:\code\mono-repo-sig\demo\mono
3 info versioning independent
4 error Error: Command failed: git rev-parse HEAD
4 error fatal: ambiguous argument 'HEAD': unknown revision or path not in the working tree.
4 error Use '--' to separate paths from revisions, like this:
4 error 'git <command> [<revision>...] -- [<file>...]'
4 error
4 error HEAD
4 error
4 error     at makeError (C:\Users\jozua\AppData\Roaming\npm\node_modules\lerna\node_modules\execa\index.js:174:9)
4 error     at Function.module.exports.sync (C:\Users\jozua\AppData\Roaming\npm\node_modules\lerna\node_modules\execa\index.js:338:15)
4 error     at Object.execSync (C:\Users\jozua\AppData\Roaming\npm\node_modules\lerna\node_modules\@lerna\child-process\index.js:22:16)
4 error     at ImportCommand.getCurrentSHA (C:\Users\jozua\AppData\Roaming\npm\node_modules\lerna\node_modules\@lerna\import\index.js:129:34)
4 error     at ImportCommand.initialize (C:\Users\jozua\AppData\Roaming\npm\node_modules\lerna\node_modules\@lerna\import\index.js:98:31)
4 error     at Promise.resolve.then (C:\Users\jozua\AppData\Roaming\npm\node_modules\lerna\node_modules\@lerna\command\index.js:270:24)
